<?xml version="1.0" encoding="utf-8" standalone="yes"?><Layout layout="test" modulePackage="com.example.barbershopmanagementapp" filePath="app/src/main/res/layout/test.xml" directory="layout" isMerge="false" isBindingData="false" rootNodeType="androidx.cardview.widget.CardView" rootNodeViewId="@+id/reviewCard"><Targets><Target id="@+id/reviewCard" tag="layout/test_0" view="androidx.cardview.widget.CardView"><Expressions/><location startLine="1" startOffset="0" endLine="46" endOffset="35"/></Target><Target id="@+id/ReviewTitle" view="TextView"><Expressions/><location startLine="17" startOffset="12" endLine="22" endOffset="47"/></Target><Target id="@+id/DisplayRating" view="TextView"><Expressions/><location startLine="24" startOffset="12" endLine="30" endOffset="38"/></Target><Target id="@+id/DisplayReview" view="TextView"><Expressions/><location startLine="32" startOffset="12" endLine="40" endOffset="17"/></Target></Targets></Layout>